<?xml version="1.0" encoding="UTF-8"?>
<testsuite xmlns:xsi="http://www.w3.org/2001/XMLSchema-instance" xsi:noNamespaceSchemaLocation="https://maven.apache.org/surefire/maven-surefire-plugin/xsd/surefire-test-report.xsd" name="com.cg.bankapp.service.BankServiceTest" time="0.318" tests="14" errors="0" skipped="0" failures="0">
  <properties>
[...]
</properties>
  <testcase name="testFundTransfer_ForAccountNotFoundException" classname="com.cg.bankapp.service.BankServiceTest" time="0.055"/>
  <testcase name="testWithdraw_ValidAmount_ShouldReduceAmount" classname="com.cg.bankapp.service.BankServiceTest" time="0.023"/>
  <testcase name="testDeposit_ValidAmount_ShouldPass" classname="com.cg.bankapp.service.BankServiceTest" time="0.006"/>
  <testcase name="testWithdraw_InvalidAmount_ShouldThrowException" classname="com.cg.bankapp.service.BankServiceTest" time="0.001"/>
  <testcase name="testShowBalance_InvalidAccount_ShouldThrowException" classname="com.cg.bankapp.service.BankServiceTest" time="0"/>
  <testcase name="testDeposit_InvalidAmount_ShouldThrowException" classname="com.cg.bankapp.service.BankServiceTest" time="0.004"/>
  <testcase name="testFundTransfer_ForInvalidInputException" classname="com.cg.bankapp.service.BankServiceTest" time="0"/>
  <testcase name="testShowBalance_ValidAccount_ShouldBeEqual" classname="com.cg.bankapp.service.BankServiceTest" time="0"/>
  <testcase name="testFundTransfer_ValidAccount_ShouldTransferFunds" classname="com.cg.bankapp.service.BankServiceTest" time="0.005"/>
  <testcase name="testWithdraw_InvalidAccount_ShouldThrowException" classname="com.cg.bankapp.service.BankServiceTest" time="0"/>
  <testcase name="testFundTransfer_ForSameAccountException" classname="com.cg.bankapp.service.BankServiceTest" time="0"/>
  <testcase name="testWithdraw_InsufficientAmount_ShouldThrowException" classname="com.cg.bankapp.service.BankServiceTest" time="0.006"/>
  <testcase name="testDeposit_InvalidAccount_ShouldThrowException" classname="com.cg.bankapp.service.BankServiceTest" time="0.001"/>
  <testcase name="testFundTransfer_ForInsufficientBalanceException" classname="com.cg.bankapp.service.BankServiceTest" time="0.005"/>
</testsuite>